<?xml version="1.0" encoding="UTF-8"?>
<!-- Generated by org.testng.reporters.JUnitXMLReporter -->
<testsuite ignored="0" hostname="DESKTOP-NB2IE9U" failures="0" tests="1" name="Run on Coccoc" time="0.008" errors="0" timestamp="17 Nov 2021 05:27:58 GMT">
  <testcase classname="com.nocomerce.user.Level_04_Multiple_Browser" name="@BeforeClass beforeClass" time="0.0">
    <failure type="java.lang.RuntimeException" message="Browser name invalid.">
      <![CDATA[java.lang.RuntimeException: Browser name invalid.
at commons.BaseTest.getBrowserDriver(BaseTest.java:37)
at com.nocomerce.user.Level_04_Multiple_Browser.beforeClass(Level_04_Multiple_Browser.java:38)
... Removed 26 stack frames]]>
    </failure>
  </testcase> <!-- @BeforeClass beforeClass -->
  <testcase classname="com.nocomerce.user.Level_04_Multiple_Browser" name="@AfterClass afterClass" time="0.0">
    <skipped/>
  </testcase> <!-- @AfterClass afterClass -->
  <testcase classname="com.nocomerce.user.Level_04_Multiple_Browser" name="User_01_Login_Invalid_Email" time="0.0">
    <skipped/>
  </testcase> <!-- User_01_Login_Invalid_Email -->
</testsuite> <!-- Run on Coccoc -->
