<?xml version="1.0" encoding="UTF-8"?>
<testng-results ignored="0" total="4" passed="3" failed="0" skipped="1">
  <reporter-output>
  </reporter-output>
  <suite started-at="2021-11-17T05:27:15Z" name="User NopCommerce" finished-at="2021-11-17T05:27:58Z" duration-ms="43383">
    <groups>
    </groups>
    <test started-at="2021-11-17T05:27:15Z" name="Run on Firefox" finished-at="2021-11-17T05:27:32Z" duration-ms="17426">
      <class name="com.nocomerce.user.Level_04_Multiple_Browser">
        <test-method is-config="true" signature="beforeClass(java.lang.String)[pri:0, instance:com.nocomerce.user.Level_04_Multiple_Browser@48524010]" started-at="2021-11-17T05:27:15Z" name="beforeClass" finished-at="2021-11-17T05:27:31Z" duration-ms="16608" status="PASS">
          <params>
            <param index="0">
              <value>
                <![CDATA[firefox]]>
              </value>
            </param>
          </params>
          <reporter-output>
          </reporter-output>
        </test-method> <!-- beforeClass -->
        <test-method signature="User_01_Login_Invalid_Email()[pri:0, instance:com.nocomerce.user.Level_04_Multiple_Browser@48524010]" started-at="2021-11-17T05:27:31Z" name="User_01_Login_Invalid_Email" finished-at="2021-11-17T05:27:32Z" duration-ms="808" status="PASS">
          <reporter-output>
          </reporter-output>
        </test-method> <!-- User_01_Login_Invalid_Email -->
        <test-method is-config="true" signature="afterClass()[pri:0, instance:com.nocomerce.user.Level_04_Multiple_Browser@48524010]" started-at="2021-11-17T05:27:32Z" name="afterClass" finished-at="2021-11-17T05:27:32Z" duration-ms="0" status="PASS">
          <reporter-output>
          </reporter-output>
        </test-method> <!-- afterClass -->
      </class> <!-- com.nocomerce.user.Level_04_Multiple_Browser -->
    </test> <!-- Run on Firefox -->
    <test started-at="2021-11-17T05:27:32Z" name="Run on Chrome" finished-at="2021-11-17T05:27:43Z" duration-ms="11275">
      <class name="com.nocomerce.user.Level_04_Multiple_Browser">
        <test-method is-config="true" signature="beforeClass(java.lang.String)[pri:0, instance:com.nocomerce.user.Level_04_Multiple_Browser@a4102b8]" started-at="2021-11-17T05:27:32Z" name="beforeClass" finished-at="2021-11-17T05:27:42Z" duration-ms="10040" status="PASS">
          <params>
            <param index="0">
              <value>
                <![CDATA[chrome]]>
              </value>
            </param>
          </params>
          <reporter-output>
          </reporter-output>
        </test-method> <!-- beforeClass -->
        <test-method signature="User_01_Login_Invalid_Email()[pri:0, instance:com.nocomerce.user.Level_04_Multiple_Browser@a4102b8]" started-at="2021-11-17T05:27:42Z" name="User_01_Login_Invalid_Email" finished-at="2021-11-17T05:27:43Z" duration-ms="1234" status="PASS">
          <reporter-output>
          </reporter-output>
        </test-method> <!-- User_01_Login_Invalid_Email -->
        <test-method is-config="true" signature="afterClass()[pri:0, instance:com.nocomerce.user.Level_04_Multiple_Browser@a4102b8]" started-at="2021-11-17T05:27:43Z" name="afterClass" finished-at="2021-11-17T05:27:43Z" duration-ms="0" status="PASS">
          <reporter-output>
          </reporter-output>
        </test-method> <!-- afterClass -->
      </class> <!-- com.nocomerce.user.Level_04_Multiple_Browser -->
    </test> <!-- Run on Chrome -->
    <test started-at="2021-11-17T05:27:43Z" name="Run on Edge" finished-at="2021-11-17T05:27:58Z" duration-ms="14660">
      <class name="com.nocomerce.user.Level_04_Multiple_Browser">
        <test-method is-config="true" signature="beforeClass(java.lang.String)[pri:0, instance:com.nocomerce.user.Level_04_Multiple_Browser@1460a8c0]" started-at="2021-11-17T05:27:43Z" name="beforeClass" finished-at="2021-11-17T05:27:57Z" duration-ms="13404" status="PASS">
          <params>
            <param index="0">
              <value>
                <![CDATA[edge]]>
              </value>
            </param>
          </params>
          <reporter-output>
          </reporter-output>
        </test-method> <!-- beforeClass -->
        <test-method signature="User_01_Login_Invalid_Email()[pri:0, instance:com.nocomerce.user.Level_04_Multiple_Browser@1460a8c0]" started-at="2021-11-17T05:27:57Z" name="User_01_Login_Invalid_Email" finished-at="2021-11-17T05:27:58Z" duration-ms="1254" status="PASS">
          <reporter-output>
          </reporter-output>
        </test-method> <!-- User_01_Login_Invalid_Email -->
        <test-method is-config="true" signature="afterClass()[pri:0, instance:com.nocomerce.user.Level_04_Multiple_Browser@1460a8c0]" started-at="2021-11-17T05:27:58Z" name="afterClass" finished-at="2021-11-17T05:27:58Z" duration-ms="1" status="PASS">
          <reporter-output>
          </reporter-output>
        </test-method> <!-- afterClass -->
      </class> <!-- com.nocomerce.user.Level_04_Multiple_Browser -->
    </test> <!-- Run on Edge -->
    <test started-at="2021-11-17T05:27:58Z" name="Run on Coccoc" finished-at="2021-11-17T05:27:58Z" duration-ms="8">
      <class name="com.nocomerce.user.Level_04_Multiple_Browser">
        <test-method is-config="true" signature="beforeClass(java.lang.String)[pri:0, instance:com.nocomerce.user.Level_04_Multiple_Browser@1198b989]" started-at="2021-11-17T05:27:58Z" name="beforeClass" finished-at="2021-11-17T05:27:58Z" duration-ms="0" status="FAIL">
          <params>
            <param index="0">
              <value>
                <![CDATA[cococ]]>
              </value>
            </param>
          </params>
          <exception class="java.lang.RuntimeException">
            <message>
              <![CDATA[Browser name invalid.]]>
            </message>
            <full-stacktrace>
              <![CDATA[java.lang.RuntimeException: Browser name invalid.
at commons.BaseTest.getBrowserDriver(BaseTest.java:37)
at com.nocomerce.user.Level_04_Multiple_Browser.beforeClass(Level_04_Multiple_Browser.java:38)
at java.base/jdk.internal.reflect.NativeMethodAccessorImpl.invoke0(Native Method)
at java.base/jdk.internal.reflect.NativeMethodAccessorImpl.invoke(NativeMethodAccessorImpl.java:62)
at java.base/jdk.internal.reflect.DelegatingMethodAccessorImpl.invoke(DelegatingMethodAccessorImpl.java:43)
at java.base/java.lang.reflect.Method.invoke(Method.java:567)
at org.testng.internal.MethodInvocationHelper.invokeMethod(MethodInvocationHelper.java:124)
at org.testng.internal.MethodInvocationHelper.invokeMethodConsideringTimeout(MethodInvocationHelper.java:59)
at org.testng.internal.Invoker.invokeConfigurationMethod(Invoker.java:458)
at org.testng.internal.Invoker.invokeConfigurations(Invoker.java:222)
at org.testng.internal.Invoker.invokeConfigurations(Invoker.java:142)
at org.testng.internal.TestMethodWorker.invokeBeforeClassMethods(TestMethodWorker.java:168)
at org.testng.internal.TestMethodWorker.run(TestMethodWorker.java:105)
at org.testng.TestRunner.privateRun(TestRunner.java:648)
at org.testng.TestRunner.run(TestRunner.java:505)
at org.testng.SuiteRunner.runTest(SuiteRunner.java:455)
at org.testng.SuiteRunner.runSequentially(SuiteRunner.java:450)
at org.testng.SuiteRunner.privateRun(SuiteRunner.java:415)
at org.testng.SuiteRunner.run(SuiteRunner.java:364)
at org.testng.SuiteRunnerWorker.runSuite(SuiteRunnerWorker.java:52)
at org.testng.SuiteRunnerWorker.run(SuiteRunnerWorker.java:84)
at org.testng.TestNG.runSuitesSequentially(TestNG.java:1208)
at org.testng.TestNG.runSuitesLocally(TestNG.java:1137)
at org.testng.TestNG.runSuites(TestNG.java:1049)
at org.testng.TestNG.run(TestNG.java:1017)
at org.testng.remote.AbstractRemoteTestNG.run(AbstractRemoteTestNG.java:115)
at org.testng.remote.RemoteTestNG.initAndRun(RemoteTestNG.java:251)
at org.testng.remote.RemoteTestNG.main(RemoteTestNG.java:77)
]]>
            </full-stacktrace>
          </exception> <!-- java.lang.RuntimeException -->
          <reporter-output>
          </reporter-output>
        </test-method> <!-- beforeClass -->
        <test-method signature="User_01_Login_Invalid_Email()[pri:0, instance:com.nocomerce.user.Level_04_Multiple_Browser@1198b989]" started-at="2021-11-17T05:27:58Z" name="User_01_Login_Invalid_Email" finished-at="2021-11-17T05:27:58Z" duration-ms="0" status="SKIP">
          <exception class="java.lang.RuntimeException">
            <message>
              <![CDATA[Browser name invalid.]]>
            </message>
            <full-stacktrace>
              <![CDATA[java.lang.RuntimeException: Browser name invalid.
at commons.BaseTest.getBrowserDriver(BaseTest.java:37)
at com.nocomerce.user.Level_04_Multiple_Browser.beforeClass(Level_04_Multiple_Browser.java:38)
at java.base/jdk.internal.reflect.NativeMethodAccessorImpl.invoke0(Native Method)
at java.base/jdk.internal.reflect.NativeMethodAccessorImpl.invoke(NativeMethodAccessorImpl.java:62)
at java.base/jdk.internal.reflect.DelegatingMethodAccessorImpl.invoke(DelegatingMethodAccessorImpl.java:43)
at java.base/java.lang.reflect.Method.invoke(Method.java:567)
at org.testng.internal.MethodInvocationHelper.invokeMethod(MethodInvocationHelper.java:124)
at org.testng.internal.MethodInvocationHelper.invokeMethodConsideringTimeout(MethodInvocationHelper.java:59)
at org.testng.internal.Invoker.invokeConfigurationMethod(Invoker.java:458)
at org.testng.internal.Invoker.invokeConfigurations(Invoker.java:222)
at org.testng.internal.Invoker.invokeConfigurations(Invoker.java:142)
at org.testng.internal.TestMethodWorker.invokeBeforeClassMethods(TestMethodWorker.java:168)
at org.testng.internal.TestMethodWorker.run(TestMethodWorker.java:105)
at org.testng.TestRunner.privateRun(TestRunner.java:648)
at org.testng.TestRunner.run(TestRunner.java:505)
at org.testng.SuiteRunner.runTest(SuiteRunner.java:455)
at org.testng.SuiteRunner.runSequentially(SuiteRunner.java:450)
at org.testng.SuiteRunner.privateRun(SuiteRunner.java:415)
at org.testng.SuiteRunner.run(SuiteRunner.java:364)
at org.testng.SuiteRunnerWorker.runSuite(SuiteRunnerWorker.java:52)
at org.testng.SuiteRunnerWorker.run(SuiteRunnerWorker.java:84)
at org.testng.TestNG.runSuitesSequentially(TestNG.java:1208)
at org.testng.TestNG.runSuitesLocally(TestNG.java:1137)
at org.testng.TestNG.runSuites(TestNG.java:1049)
at org.testng.TestNG.run(TestNG.java:1017)
at org.testng.remote.AbstractRemoteTestNG.run(AbstractRemoteTestNG.java:115)
at org.testng.remote.RemoteTestNG.initAndRun(RemoteTestNG.java:251)
at org.testng.remote.RemoteTestNG.main(RemoteTestNG.java:77)
]]>
            </full-stacktrace>
          </exception> <!-- java.lang.RuntimeException -->
          <reporter-output>
          </reporter-output>
        </test-method> <!-- User_01_Login_Invalid_Email -->
        <test-method is-config="true" signature="afterClass()[pri:0, instance:com.nocomerce.user.Level_04_Multiple_Browser@1198b989]" started-at="2021-11-17T05:27:58Z" name="afterClass" finished-at="2021-11-17T05:27:58Z" duration-ms="0" status="SKIP">
          <reporter-output>
          </reporter-output>
        </test-method> <!-- afterClass -->
      </class> <!-- com.nocomerce.user.Level_04_Multiple_Browser -->
    </test> <!-- Run on Coccoc -->
  </suite> <!-- User NopCommerce -->
</testng-results>
